<?xml version="1.0" encoding="UTF-8"?>
<!-- Generated by org.testng.reporters.JUnitReportReporter -->
<testsuite skipped="0" hostname="DESKTOP-8FDCMHT" name="com.qa.test.ScreenShotTest" tests="1" failures="0" timestamp="2022-04-13T23:34:09 IST" time="13.801" errors="0">
  <testcase name="getScreenshot" time="13.801" classname="com.qa.test.ScreenShotTest"/>
  <system-out/>
</testsuite> <!-- com.qa.test.ScreenShotTest -->
