<?xml version="1.0" encoding="UTF-8"?>
<!-- Generated by org.testng.reporters.JUnitReportReporter -->
<testsuite skipped="1" hostname="DESKTOP-8FDCMHT" name="com.datadriven.DataDrivenTest" tests="1" failures="0" timestamp="2022-04-13T09:30:12 IST" time="0.000" errors="0">
  <testcase name="RegistrationPageTest" time="0.000" classname="com.datadriven.DataDrivenTest">
    <skipped/>
  </testcase> <!-- RegistrationPageTest -->
  <system-out/>
</testsuite> <!-- com.datadriven.DataDrivenTest -->
