<?xml version="1.0" encoding="UTF-8"?>
<!-- Generated by org.testng.reporters.JUnitReportReporter -->
<testsuite skipped="0" hostname="DESKTOP-8FDCMHT" name="com.qa.test.StringDublicateTest" tests="1" failures="0" timestamp="2022-04-13T23:34:09 IST" time="0.008" errors="0">
  <testcase name="stringOpeartion" time="0.008" classname="com.qa.test.StringDublicateTest"/>
  <system-out/>
</testsuite> <!-- com.qa.test.StringDublicateTest -->
