<?xml version="1.0" encoding="UTF-8"?>
<!-- Generated by org.testng.reporters.JUnitReportReporter -->
<testsuite skipped="0" hostname="DESKTOP-8FDCMHT" name="com.qa.test.DataDrivenTests" tests="4" failures="0" timestamp="2022-04-13T23:34:09 IST" time="97.981" errors="0">
  <testcase name="RegistrationPageTest" time="24.206" classname="com.qa.test.DataDrivenTests"/>
  <system-out/>
  <testcase name="RegistrationPageTest" time="27.476" classname="com.qa.test.DataDrivenTests"/>
  <system-out/>
  <testcase name="RegistrationPageTest" time="22.598" classname="com.qa.test.DataDrivenTests"/>
  <system-out/>
  <testcase name="RegistrationPageTest" time="23.701" classname="com.qa.test.DataDrivenTests"/>
  <system-out/>
</testsuite> <!-- com.qa.test.DataDrivenTests -->
